[2023-09-24 21:40:24]	[ALERT]	404 - erreur dans le processus de traitement du routage
    routeInfo: array(
        0 => 1,
        1 => 'etudiant@index',
        2 => array(),
    )
    exception-line: 29
    exception-file: 'C:\dev-apps\xampp-www\s5\mvc-tp\src\Model\Etudiant.php'
    exception-code: 'SQLSTATE[42S22]: Column not found: 1054 Unknown column 'p.id_parcours' in 'where clause''
[2023-09-24 21:41:36]	[ALERT]	404 - erreur dans le processus de traitement du routage
    routeInfo: array(
        0 => 1,
        1 => 'etudiant@index',
        2 => array(),
    )
    exception-line: 29
    exception-file: 'C:\dev-apps\xampp-www\s5\mvc-tp\src\Model\Etudiant.php'
    exception-code: 'SQLSTATE[42S22]: Column not found: 1054 Unknown column 'p.id_parcours' in 'where clause''
[2023-09-24 21:41:37]	[ALERT]	404 - erreur dans le processus de traitement du routage
    routeInfo: array(
        0 => 1,
        1 => 'etudiant@index',
        2 => array(),
    )
    exception-line: 29
    exception-file: 'C:\dev-apps\xampp-www\s5\mvc-tp\src\Model\Etudiant.php'
    exception-code: 'SQLSTATE[42S22]: Column not found: 1054 Unknown column 'p.id_parcours' in 'where clause''
[2023-09-24 21:42:27]	[ALERT]	404 - erreur dans le processus de traitement du routage
    routeInfo: array(
        0 => 1,
        1 => 'etudiant@index',
        2 => array(),
    )
    exception-line: 29
    exception-file: 'C:\dev-apps\xampp-www\s5\mvc-tp\src\Model\Etudiant.php'
    exception-code: 'SQLSTATE[42S22]: Column not found: 1054 Unknown column 'p.id_parcours' in 'where clause''
[2023-09-24 21:42:51]	[ALERT]	404 - erreur dans le processus de traitement du routage
    routeInfo: array(
        0 => 1,
        1 => 'etudiant@index',
        2 => array(),
    )
    exception-line: 29
    exception-file: 'C:\dev-apps\xampp-www\s5\mvc-tp\src\Model\Etudiant.php'
    exception-code: 'SQLSTATE[42S22]: Column not found: 1054 Unknown column 'p.id_parcours' in 'where clause''
[2023-09-24 21:43:26]	[ALERT]	404 - erreur dans le processus de traitement du routage
    routeInfo: array(
        0 => 1,
        1 => 'etudiant@index',
        2 => array(),
    )
    exception-line: 29
    exception-file: 'C:\dev-apps\xampp-www\s5\mvc-tp\src\Model\Etudiant.php'
    exception-code: 'SQLSTATE[42S22]: Column not found: 1054 Unknown column 'p.id_parcours' in 'where clause''
[2023-09-24 21:43:39]	[ALERT]	404 - erreur dans le processus de traitement du routage
    routeInfo: array(
        0 => 1,
        1 => 'etudiant@index',
        2 => array(),
    )
    exception-line: 29
    exception-file: 'C:\dev-apps\xampp-www\s5\mvc-tp\src\Model\Etudiant.php'
    exception-code: 'SQLSTATE[42S22]: Column not found: 1054 Unknown column 'p.id_parcours' in 'where clause''
[2023-09-24 21:43:51]	[ALERT]	404 - erreur dans le processus de traitement du routage
    routeInfo: array(
        0 => 1,
        1 => 'etudiant@index',
        2 => array(),
    )
    exception-line: 29
    exception-file: 'C:\dev-apps\xampp-www\s5\mvc-tp\src\Model\Etudiant.php'
    exception-code: 'SQLSTATE[42S22]: Column not found: 1054 Unknown column 'p.id_parcours' in 'where clause''
[2023-09-24 21:45:06]	[ALERT]	404 - erreur dans le processus de traitement du routage
    routeInfo: array(
        0 => 1,
        1 => 'etudiant@index',
        2 => array(),
    )
    exception-line: 29
    exception-file: 'C:\dev-apps\xampp-www\s5\mvc-tp\src\Model\Etudiant.php'
    exception-code: 'SQLSTATE[42S22]: Column not found: 1054 Unknown column 'p.id_parcours' in 'where clause''
[2023-09-24 21:45:20]	[ALERT]	404 - erreur dans le processus de traitement du routage
    routeInfo: array(
        0 => 1,
        1 => 'etudiant@index',
        2 => array(),
    )
    exception-line: 29
    exception-file: 'C:\dev-apps\xampp-www\s5\mvc-tp\src\Model\Etudiant.php'
    exception-code: 'SQLSTATE[42S22]: Column not found: 1054 Unknown column 'p.id_parcours' in 'where clause''
[2023-09-24 21:45:21]	[ALERT]	404 - erreur dans le processus de traitement du routage
    routeInfo: array(
        0 => 1,
        1 => 'etudiant@index',
        2 => array(),
    )
    exception-line: 29
    exception-file: 'C:\dev-apps\xampp-www\s5\mvc-tp\src\Model\Etudiant.php'
    exception-code: 'SQLSTATE[42S22]: Column not found: 1054 Unknown column 'p.id_parcours' in 'where clause''
[2023-09-24 21:45:21]	[ALERT]	404 - erreur dans le processus de traitement du routage
    routeInfo: array(
        0 => 1,
        1 => 'etudiant@index',
        2 => array(),
    )
    exception-line: 29
    exception-file: 'C:\dev-apps\xampp-www\s5\mvc-tp\src\Model\Etudiant.php'
    exception-code: 'SQLSTATE[42S22]: Column not found: 1054 Unknown column 'p.id_parcours' in 'where clause''
[2023-09-24 21:45:21]	[ALERT]	404 - erreur dans le processus de traitement du routage
    routeInfo: array(
        0 => 1,
        1 => 'etudiant@index',
        2 => array(),
    )
    exception-line: 29
    exception-file: 'C:\dev-apps\xampp-www\s5\mvc-tp\src\Model\Etudiant.php'
    exception-code: 'SQLSTATE[42S22]: Column not found: 1054 Unknown column 'p.id_parcours' in 'where clause''
[2023-09-24 21:45:21]	[ALERT]	404 - erreur dans le processus de traitement du routage
    routeInfo: array(
        0 => 1,
        1 => 'etudiant@index',
        2 => array(),
    )
    exception-line: 29
    exception-file: 'C:\dev-apps\xampp-www\s5\mvc-tp\src\Model\Etudiant.php'
    exception-code: 'SQLSTATE[42S22]: Column not found: 1054 Unknown column 'p.id_parcours' in 'where clause''
[2023-09-24 21:47:31]	[ALERT]	404 - erreur dans le processus de traitement du routage
    routeInfo: array(
        0 => 1,
        1 => 'etudiant@index',
        2 => array(),
    )
    exception-line: 29
    exception-file: 'C:\dev-apps\xampp-www\s5\mvc-tp\src\Model\Etudiant.php'
    exception-code: 'SQLSTATE[42S22]: Column not found: 1054 Unknown column 'p.id_parcours' in 'where clause''
[2023-09-24 21:47:33]	[ALERT]	404 - erreur dans le processus de traitement du routage
    routeInfo: array(
        0 => 1,
        1 => 'avatar@index',
        2 => array(),
    )
    exception-line: 218
    exception-file: 'C:\dev-apps\xampp-www\s5\mvc-tp\src\Model\Model.php'
    exception-code: 'SQLSTATE[42S02]: Base table or view not found: 1146 Table 's5.tp2.etudiant-parcours.avatar' doesn't exist'
[2023-09-24 21:47:36]	[ALERT]	404 - erreur dans le processus de traitement du routage
    routeInfo: array(
        0 => 1,
        1 => 'avatar@index',
        2 => array(),
    )
    exception-line: 218
    exception-file: 'C:\dev-apps\xampp-www\s5\mvc-tp\src\Model\Model.php'
    exception-code: 'SQLSTATE[42S02]: Base table or view not found: 1146 Table 's5.tp2.etudiant-parcours.avatar' doesn't exist'
[2023-09-24 21:50:14]	[ALERT]	404 - erreur dans le processus de traitement du routage
    routeInfo: array(
        0 => 1,
        1 => 'avatar@index',
        2 => array(),
    )
    exception-line: 218
    exception-file: 'C:\dev-apps\xampp-www\s5\mvc-tp\src\Model\Model.php'
    exception-code: 'SQLSTATE[42S02]: Base table or view not found: 1146 Table 's5.tp2.etudiant-parcours.avatar' doesn't exist'
[2023-09-24 21:50:17]	[ALERT]	500 - la méthode showStudent n'existe pas
[2023-09-24 21:50:32]	[ALERT]	500 - la méthode showstudent n'existe pas
[2023-09-24 21:51:01]	[ALERT]	500 - la méthode index n'existe pas
[2023-09-24 21:51:12]	[ALERT]	404 - erreur dans le processus de traitement du routage
    routeInfo: array(
        0 => 1,
        1 => 'etudiant@index',
        2 => array(),
    )
    exception-line: 29
    exception-file: 'C:\dev-apps\xampp-www\s5\mvc-tp\src\Model\Etudiant.php'
    exception-code: 'SQLSTATE[42S22]: Column not found: 1054 Unknown column 'p.id_parcours' in 'where clause''
[2023-09-24 21:51:38]	[ALERT]	404 - erreur dans le processus de traitement du routage
    routeInfo: array(
        0 => 1,
        1 => 'etudiant@index',
        2 => array(),
    )
    exception-line: 29
    exception-file: 'C:\dev-apps\xampp-www\s5\mvc-tp\src\Model\Etudiant.php'
    exception-code: 'SQLSTATE[42S22]: Column not found: 1054 Unknown column 'p.id_parcours' in 'where clause''
[2023-09-24 21:51:39]	[ALERT]	404 - erreur dans le processus de traitement du routage
    routeInfo: array(
        0 => 1,
        1 => 'etudiant@index',
        2 => array(),
    )
    exception-line: 29
    exception-file: 'C:\dev-apps\xampp-www\s5\mvc-tp\src\Model\Etudiant.php'
    exception-code: 'SQLSTATE[42S22]: Column not found: 1054 Unknown column 'p.id_parcours' in 'where clause''
[2023-09-24 21:51:39]	[ALERT]	404 - erreur dans le processus de traitement du routage
    routeInfo: array(
        0 => 1,
        1 => 'etudiant@index',
        2 => array(),
    )
    exception-line: 29
    exception-file: 'C:\dev-apps\xampp-www\s5\mvc-tp\src\Model\Etudiant.php'
    exception-code: 'SQLSTATE[42S22]: Column not found: 1054 Unknown column 'p.id_parcours' in 'where clause''
[2023-09-24 21:51:40]	[ALERT]	404 - erreur dans le processus de traitement du routage
    routeInfo: array(
        0 => 1,
        1 => 'etudiant@index',
        2 => array(),
    )
    exception-line: 29
    exception-file: 'C:\dev-apps\xampp-www\s5\mvc-tp\src\Model\Etudiant.php'
    exception-code: 'SQLSTATE[42S22]: Column not found: 1054 Unknown column 'p.id_parcours' in 'where clause''
[2023-09-24 21:51:40]	[ALERT]	404 - erreur dans le processus de traitement du routage
    routeInfo: array(
        0 => 1,
        1 => 'etudiant@index',
        2 => array(),
    )
    exception-line: 29
    exception-file: 'C:\dev-apps\xampp-www\s5\mvc-tp\src\Model\Etudiant.php'
    exception-code: 'SQLSTATE[42S22]: Column not found: 1054 Unknown column 'p.id_parcours' in 'where clause''
[2023-09-24 21:51:40]	[ALERT]	404 - erreur dans le processus de traitement du routage
    routeInfo: array(
        0 => 1,
        1 => 'etudiant@index',
        2 => array(),
    )
    exception-line: 29
    exception-file: 'C:\dev-apps\xampp-www\s5\mvc-tp\src\Model\Etudiant.php'
    exception-code: 'SQLSTATE[42S22]: Column not found: 1054 Unknown column 'p.id_parcours' in 'where clause''
[2023-09-24 21:51:40]	[ALERT]	404 - erreur dans le processus de traitement du routage
    routeInfo: array(
        0 => 1,
        1 => 'etudiant@index',
        2 => array(),
    )
    exception-line: 29
    exception-file: 'C:\dev-apps\xampp-www\s5\mvc-tp\src\Model\Etudiant.php'
    exception-code: 'SQLSTATE[42S22]: Column not found: 1054 Unknown column 'p.id_parcours' in 'where clause''
[2023-09-24 21:52:17]	[ALERT]	404 - erreur dans le processus de traitement du routage
    routeInfo: array(
        0 => 1,
        1 => 'etudiant@index',
        2 => array(),
    )
    exception-line: 29
    exception-file: 'C:\dev-apps\xampp-www\s5\mvc-tp\src\Model\Etudiant.php'
    exception-code: 'SQLSTATE[42S22]: Column not found: 1054 Unknown column 'p.id_parcours' in 'where clause''
[2023-09-24 21:52:41]	[ALERT]	404 - erreur dans le processus de traitement du routage
    routeInfo: array(
        0 => 1,
        1 => 'etudiant@index',
        2 => array(),
    )
    exception-line: 29
    exception-file: 'C:\dev-apps\xampp-www\s5\mvc-tp\src\Model\Etudiant.php'
    exception-code: 'SQLSTATE[42S22]: Column not found: 1054 Unknown column 'p.id_parcours' in 'where clause''
[2023-09-24 21:54:13]	[ALERT]	404 - erreur dans le processus de traitement du routage
    routeInfo: array(
        0 => 1,
        1 => 'etudiant@index',
        2 => array(),
    )
    exception-line: 29
    exception-file: 'C:\dev-apps\xampp-www\s5\mvc-tp\src\Model\Etudiant.php'
    exception-code: 'SQLSTATE[42S22]: Column not found: 1054 Unknown column 'p.id_parcours' in 'where clause''
[2023-09-24 21:54:29]	[ALERT]	404 - erreur dans le processus de traitement du routage
    routeInfo: array(
        0 => 1,
        1 => 'etudiant@index',
        2 => array(),
    )
    exception-line: 29
    exception-file: 'C:\dev-apps\xampp-www\s5\mvc-tp\src\Model\Etudiant.php'
    exception-code: 'SQLSTATE[42S22]: Column not found: 1054 Unknown column 'p.id_parcours' in 'where clause''
[2023-09-24 21:55:39]	[ALERT]	404 - erreur dans le processus de traitement du routage
    routeInfo: array(
        0 => 1,
        1 => 'etudiant@index',
        2 => array(),
    )
    exception-line: 29
    exception-file: 'C:\dev-apps\xampp-www\s5\mvc-tp\src\Model\Etudiant.php'
    exception-code: 'SQLSTATE[42S22]: Column not found: 1054 Unknown column 'e.prénom' in 'order clause''
[2023-09-24 21:56:07]	[ALERT]	404 - erreur dans le processus de traitement du routage
    routeInfo: array(
        0 => 1,
        1 => 'etudiant@index',
        2 => array(),
    )
    exception-line: 29
    exception-file: 'C:\dev-apps\xampp-www\s5\mvc-tp\src\Model\Etudiant.php'
    exception-code: 'SQLSTATE[42S22]: Column not found: 1054 Unknown column 'e.prénom' in 'order clause''
[2023-09-24 21:56:22]	[ALERT]	404 - erreur dans le processus de traitement du routage
    routeInfo: array(
        0 => 1,
        1 => 'etudiant@index',
        2 => array(),
    )
    exception-line: 29
    exception-file: 'C:\dev-apps\xampp-www\s5\mvc-tp\src\Model\Etudiant.php'
    exception-code: 'SQLSTATE[42S22]: Column not found: 1054 Unknown column 'e.prénom' in 'order clause''
[2023-09-24 21:57:01]	[ALERT]	404 - erreur dans le processus de traitement du routage
    routeInfo: array(
        0 => 1,
        1 => 'etudiant@index',
        2 => array(),
    )
    exception-line: 22
    exception-file: 'C:\dev-apps\xampp-www\s5\mvc-tp\src\Controller\EtudiantController.php'
    exception-code: 'Undefined variable $Etudiant'
[2023-09-24 21:58:38]	[ALERT]	404 - erreur dans le processus de traitement du routage
    routeInfo: array(
        0 => 1,
        1 => 'etudiant@index',
        2 => array(),
    )
    exception-line: 29
    exception-file: 'C:\dev-apps\xampp-www\s5\mvc-tp\src\Model\Etudiant.php'
    exception-code: 'SQLSTATE[42S22]: Column not found: 1054 Unknown column 'e.prénom' in 'order clause''
[2023-09-24 22:00:18]	[ALERT]	404 - erreur dans le processus de traitement du routage
    routeInfo: array(
        0 => 1,
        1 => 'etudiant@index',
        2 => array(),
    )
    exception-line: 29
    exception-file: 'C:\dev-apps\xampp-www\s5\mvc-tp\src\Model\Etudiant.php'
    exception-code: 'SQLSTATE[42S22]: Column not found: 1054 Unknown column 'e.prénom' in 'order clause''
[2023-09-24 22:04:52]	[ALERT]	404 - erreur dans le processus de traitement du routage
    routeInfo: array(
        0 => 1,
        1 => 'etudiant@index',
        2 => array(),
    )
    exception-line: 29
    exception-file: 'C:\dev-apps\xampp-www\s5\mvc-tp\src\Model\Etudiant.php'
    exception-code: 'SQLSTATE[42S22]: Column not found: 1054 Unknown column 'e.prénom' in 'order clause''
[2023-09-24 22:04:54]	[ALERT]	404 - erreur dans le processus de traitement du routage
    routeInfo: array(
        0 => 1,
        1 => 'etudiant@index',
        2 => array(),
    )
    exception-line: 29
    exception-file: 'C:\dev-apps\xampp-www\s5\mvc-tp\src\Model\Etudiant.php'
    exception-code: 'SQLSTATE[42S22]: Column not found: 1054 Unknown column 'e.prénom' in 'order clause''
[2023-09-24 22:05:48]	[ALERT]	404 - erreur dans le processus de traitement du routage
    routeInfo: array(
        0 => 1,
        1 => 'etudiant@index',
        2 => array(),
    )
    exception-line: 29
    exception-file: 'C:\dev-apps\xampp-www\s5\mvc-tp\src\Model\Etudiant.php'
    exception-code: 'SQLSTATE[42S22]: Column not found: 1054 Unknown column 'e.prénom' in 'order clause''
[2023-09-24 22:06:10]	[ALERT]	404 - erreur dans le processus de traitement du routage
    routeInfo: array(
        0 => 1,
        1 => 'etudiant@index',
        2 => array(),
    )
    exception-line: 29
    exception-file: 'C:\dev-apps\xampp-www\s5\mvc-tp\src\Model\Etudiant.php'
    exception-code: 'SQLSTATE[42S22]: Column not found: 1054 Unknown column 'e.prénom' in 'order clause''
[2023-09-24 22:08:47]	[ALERT]	404 - erreur dans le processus de traitement du routage
    routeInfo: array(
        0 => 1,
        1 => 'etudiant@index',
        2 => array(),
    )
    exception-line: 2012
    exception-file: 'C:\dev-apps\xampp-www\s5\mvc-tp\vendor\digitalnature\php-ref\ref.php'
    exception-code: 'Method ReflectionParameter::isArray() is deprecated'
[2023-09-24 22:09:46]	[ALERT]	404 - commande non existante :: /etudiants/ajouter
[2023-09-24 22:20:08]	[ALERT]	404 - erreur dans le processus de traitement du routage
    routeInfo: array(
        0 => 1,
        1 => 'etudiant@index',
        2 => array(),
    )
    exception-line: 28
    exception-file: 'C:\dev-apps\xampp-www\s5\mvc-tp\src\View\etudiants\list.html.twig'
    exception-code: 'Unexpected token "name" of value "etudiant" ("end of print statement" expected).'
[2023-09-24 22:20:16]	[ALERT]	404 - erreur dans le processus de traitement du routage
    routeInfo: array(
        0 => 1,
        1 => 'etudiant@index',
        2 => array(),
    )
    exception-line: 28
    exception-file: 'C:\dev-apps\xampp-www\s5\mvc-tp\src\View\etudiants\list.html.twig'
    exception-code: 'Unexpected token "name" of value "etudiant" ("end of print statement" expected).'
[2023-09-24 22:20:28]	[ALERT]	404 - erreur dans le processus de traitement du routage
    routeInfo: array(
        0 => 1,
        1 => 'etudiant@index',
        2 => array(),
    )
    exception-line: 28
    exception-file: 'C:\dev-apps\xampp-www\s5\mvc-tp\src\View\etudiants\list.html.twig'
    exception-code: 'Unexpected token "punctuation" of value "," ("end of print statement" expected).'
[2023-09-24 22:22:07]	[ALERT]	404 - erreur dans le processus de traitement du routage
    routeInfo: array(
        0 => 1,
        1 => 'etudiant@index',
        2 => array(),
    )
    exception-line: 28
    exception-file: 'C:\dev-apps\xampp-www\s5\mvc-tp\src\View\etudiants\list.html.twig'
    exception-code: 'Unexpected token "name" of value "etudiant" ("end of print statement" expected).'
[2023-09-24 22:24:03]	[ALERT]	404 - erreur dans le processus de traitement du routage
    routeInfo: array(
        0 => 1,
        1 => 'etudiant@index',
        2 => array(),
    )
    exception-line: 28
    exception-file: 'C:\dev-apps\xampp-www\s5\mvc-tp\src\View\etudiants\list.html.twig'
    exception-code: 'Unexpected token "name" of value "etudiant" ("end of print statement" expected).'
[2023-09-24 22:42:38]	[ALERT]	404 - erreur dans le processus de traitement du routage
    routeInfo: array(
        0 => 1,
        1 => 'parcours@index',
        2 => array(),
    )
    exception-line: 16
    exception-file: 'C:\dev-apps\xampp-www\s5\mvc-tp\src\View\parcours\list.html.twig'
    exception-code: 'Unexpected "}".'
[2023-09-24 22:50:45]	[ALERT]	404 - commande non existante :: /parcours/crea
[2023-09-24 22:51:52]	[ALERT]	404 - commande non existante :: /parcours/crea
[2023-09-24 22:52:54]	[ALERT]	404 - commande non existante :: /parcours/crea
[2023-09-24 22:56:24]	[ALERT]	404 - commande non existante :: /parcours/crea
[2023-09-24 22:59:09]	[ALERT]	404 - commande non existante :: /parcours/crea
[2023-09-24 23:03:56]	[ALERT]	404 - commande non existante :: /parcours/crea
[2023-09-24 23:05:10]	[ALERT]	404 - commande non existante :: /parcours/crea
[2023-09-24 23:09:41]	[ALERT]	404 - commande non existante :: /parcours/crea
[2023-09-24 23:09:48]	[ALERT]	404 - commande non existante :: /parcours/dev
[2023-09-24 23:09:54]	[ALERT]	404 - erreur dans le processus de traitement du routage
    routeInfo: array(
        0 => 1,
        1 => 'parcours@index',
        2 => array(),
    )
    exception-line: 218
    exception-file: 'C:\dev-apps\xampp-www\s5\mvc-tp\src\Model\Model.php'
    exception-code: 'SQLSTATE[42000]: Syntax error or access violation: 1103 Incorrect table name '''
[2023-09-24 23:10:07]	[ALERT]	404 - erreur dans le processus de traitement du routage
    routeInfo: array(
        0 => 1,
        1 => 'parcours@index',
        2 => array(),
    )
    exception-line: 218
    exception-file: 'C:\dev-apps\xampp-www\s5\mvc-tp\src\Model\Model.php'
    exception-code: 'SQLSTATE[42000]: Syntax error or access violation: 1103 Incorrect table name '''
[2023-09-24 23:10:52]	[ALERT]	404 - erreur dans le processus de traitement du routage
    routeInfo: array(
        0 => 1,
        1 => 'parcours@index',
        2 => array(),
    )
    exception-line: 218
    exception-file: 'C:\dev-apps\xampp-www\s5\mvc-tp\src\Model\Model.php'
    exception-code: 'SQLSTATE[42000]: Syntax error or access violation: 1103 Incorrect table name '''
[2023-09-24 23:11:14]	[ALERT]	404 - commande non existante :: /parcours/crea
[2023-09-24 23:11:17]	[ALERT]	404 - erreur dans le processus de traitement du routage
    routeInfo: array(
        0 => 1,
        1 => 'parcours@index',
        2 => array(),
    )
    exception-line: 218
    exception-file: 'C:\dev-apps\xampp-www\s5\mvc-tp\src\Model\Model.php'
    exception-code: 'SQLSTATE[42000]: Syntax error or access violation: 1103 Incorrect table name '''
[2023-09-24 23:11:35]	[ALERT]	404 - erreur dans le processus de traitement du routage
    routeInfo: array(
        0 => 1,
        1 => 'avatar@index',
        2 => array(),
    )
    exception-line: 218
    exception-file: 'C:\dev-apps\xampp-www\s5\mvc-tp\src\Model\Model.php'
    exception-code: 'SQLSTATE[42S02]: Base table or view not found: 1146 Table 's5.tp2.etudiant-parcours.avatar' doesn't exist'
[2023-09-24 23:11:40]	[ALERT]	404 - commande non existante :: /etudiants/ajouter
[2023-09-24 23:12:13]	[ALERT]	404 - erreur dans le processus de traitement du routage
    routeInfo: array(
        0 => 1,
        1 => 'parcours@index',
        2 => array(),
    )
    exception-line: 218
    exception-file: 'C:\dev-apps\xampp-www\s5\mvc-tp\src\Model\Model.php'
    exception-code: 'SQLSTATE[42000]: Syntax error or access violation: 1103 Incorrect table name '''
[2023-09-24 23:12:43]	[ALERT]	404 - erreur dans le processus de traitement du routage
    routeInfo: array(
        0 => 1,
        1 => 'parcours@index',
        2 => array(),
    )
    exception-line: 218
    exception-file: 'C:\dev-apps\xampp-www\s5\mvc-tp\src\Model\Model.php'
    exception-code: 'SQLSTATE[42000]: Syntax error or access violation: 1103 Incorrect table name '''
[2023-09-24 23:13:08]	[ALERT]	404 - erreur dans le processus de traitement du routage
    routeInfo: array(
        0 => 1,
        1 => 'parcours@index',
        2 => array(),
    )
    exception-line: 218
    exception-file: 'C:\dev-apps\xampp-www\s5\mvc-tp\src\Model\Model.php'
    exception-code: 'SQLSTATE[42000]: Syntax error or access violation: 1103 Incorrect table name '''
[2023-09-24 23:13:27]	[ALERT]	404 - erreur dans le processus de traitement du routage
    routeInfo: array(
        0 => 1,
        1 => 'parcours@index',
        2 => array(),
    )
    exception-line: 218
    exception-file: 'C:\dev-apps\xampp-www\s5\mvc-tp\src\Model\Model.php'
    exception-code: 'SQLSTATE[42000]: Syntax error or access violation: 1103 Incorrect table name '''
[2023-09-24 23:13:57]	[ALERT]	404 - commande non existante :: /parcours/crea
[2023-09-24 23:14:25]	[ALERT]	404 - commande non existante :: /parcours/crea
[2023-09-24 23:15:36]	[ALERT]	404 - commande non existante :: /parcours/crea
[2023-09-24 23:19:35]	[ALERT]	404 - erreur dans le processus de traitement du routage
    routeInfo: array(
        0 => 1,
        1 => 'parcours@showCrea',
        2 => array(),
    )
    exception-line: 23
    exception-file: 'C:\dev-apps\xampp-www\s5\mvc-tp\src\View\parcours\crea.html.twig'
    exception-code: 'An exception has been thrown during the rendering of a template ("Undefined array key "module"").'
[2023-09-24 23:19:54]	[ALERT]	404 - erreur dans le processus de traitement du routage
    routeInfo: array(
        0 => 1,
        1 => 'parcours@showCrea',
        2 => array(),
    )
    exception-line: 23
    exception-file: 'C:\dev-apps\xampp-www\s5\mvc-tp\src\View\parcours\crea.html.twig'
    exception-code: 'An exception has been thrown during the rendering of a template ("Undefined array key "module"").'
[2023-09-24 23:20:08]	[ALERT]	404 - erreur dans le processus de traitement du routage
    routeInfo: array(
        0 => 1,
        1 => 'parcours@showCrea',
        2 => array(),
    )
    exception-line: 23
    exception-file: 'C:\dev-apps\xampp-www\s5\mvc-tp\src\View\parcours\crea.html.twig'
    exception-code: 'An exception has been thrown during the rendering of a template ("Undefined array key "module"").'
[2023-09-24 23:21:16]	[ALERT]	404 - commande non existante :: /parcours/dev
[2023-09-24 23:22:24]	[ALERT]	404 - commande non existante :: /parcours/dev
[2023-09-24 23:24:00]	[ALERT]	404 - erreur dans le processus de traitement du routage
    routeInfo: array(
        0 => 1,
        1 => 'parcours@showDev',
        2 => array(),
    )
    exception-line: 25
    exception-file: 'C:\dev-apps\xampp-www\s5\mvc-tp\src\View\parcours\dev.html.twig'
    exception-code: 'Unexpected operator of value "=". Did you try to use "===" or "!==" for strict comparison? Use "is same as(value)" instead.'
[2023-09-24 23:24:03]	[ALERT]	404 - erreur dans le processus de traitement du routage
    routeInfo: array(
        0 => 1,
        1 => 'parcours@showDev',
        2 => array(),
    )
    exception-line: 25
    exception-file: 'C:\dev-apps\xampp-www\s5\mvc-tp\src\View\parcours\dev.html.twig'
    exception-code: 'Unexpected operator of value "=". Did you try to use "===" or "!==" for strict comparison? Use "is same as(value)" instead.'
[2023-09-24 23:24:06]	[ALERT]	404 - erreur dans le processus de traitement du routage
    routeInfo: array(
        0 => 1,
        1 => 'parcours@showCom',
        2 => array(),
    )
    exception-line: 25
    exception-file: 'C:\dev-apps\xampp-www\s5\mvc-tp\src\View\parcours\com.html.twig'
    exception-code: 'Unexpected operator of value "=". Did you try to use "===" or "!==" for strict comparison? Use "is same as(value)" instead.'
[2023-09-24 23:24:40]	[ALERT]	404 - erreur dans le processus de traitement du routage
    routeInfo: array(
        0 => 1,
        1 => 'parcours@showCom',
        2 => array(),
    )
    exception-line: 25
    exception-file: 'C:\dev-apps\xampp-www\s5\mvc-tp\src\View\parcours\com.html.twig'
    exception-code: 'Unexpected operator of value "=". Did you try to use "===" or "!==" for strict comparison? Use "is same as(value)" instead.'
