[2023-10-22 22:57:41]	[ALERT]	404 - erreur dans le processus de traitement du routage
    routeInfo: array(
        0 => 1,
        1 => 'joueur@index',
        2 => array(
            'id' => '1',
        ),
    )
    exception-line: 38
    exception-file: 'C:\dev-apps\xampp-www\s5\s5-sae\loufok\src\Controller\JoueurController.php'
    exception-code: 'Undefined variable $errorMessage'
[2023-10-22 23:04:49]	[ALERT]	404 - erreur dans le processus de traitement du routage
    routeInfo: array(
        0 => 1,
        1 => 'joueur@index',
        2 => array(
            'id' => '1',
        ),
    )
    exception-line: 37
    exception-file: 'C:\dev-apps\xampp-www\s5\s5-sae\loufok\src\Controller\JoueurController.php'
    exception-code: 'Undefined variable $errorMessage'
[2023-10-22 23:07:02]	[ALERT]	404 - erreur dans le processus de traitement du routage
    routeInfo: array(
        0 => 1,
        1 => 'joueur@index',
        2 => array(
            'id' => '1',
        ),
    )
    exception-line: 39
    exception-file: 'C:\dev-apps\xampp-www\s5\s5-sae\loufok\src\Controller\JoueurController.php'
    exception-code: 'Undefined variable $errorMessage'
[2023-10-22 23:07:20]	[ALERT]	404 - erreur dans le processus de traitement du routage
    routeInfo: array(
        0 => 1,
        1 => 'joueur@index',
        2 => array(
            'id' => '1',
        ),
    )
    exception-line: 39
    exception-file: 'C:\dev-apps\xampp-www\s5\s5-sae\loufok\src\Controller\JoueurController.php'
    exception-code: 'Undefined variable $errorMessage'
[2023-10-22 23:07:30]	[ALERT]	404 - erreur dans le processus de traitement du routage
    routeInfo: array(
        0 => 1,
        1 => 'joueur@index',
        2 => array(
            'id' => '1',
        ),
    )
    exception-line: 32
    exception-file: 'C:\dev-apps\xampp-www\s5\s5-sae\loufok\src\Controller\JoueurController.php'
    exception-code: 'Undefined variable $errorMessage'
[2023-10-22 23:11:28]	[ALERT]	404 - erreur dans le processus de traitement du routage
    routeInfo: array(
        0 => 1,
        1 => 'joueur@index',
        2 => array(
            'id' => '1',
        ),
    )
    exception-line: 37
    exception-file: 'C:\dev-apps\xampp-www\s5\s5-sae\loufok\src\Controller\JoueurController.php'
    exception-code: 'Undefined variable $contribution'
[2023-10-22 23:12:17]	[ALERT]	404 - erreur dans le processus de traitement du routage
    routeInfo: array(
        0 => 1,
        1 => 'joueur@index',
        2 => array(
            'id' => '1',
        ),
    )
    exception-line: 37
    exception-file: 'C:\dev-apps\xampp-www\s5\s5-sae\loufok\src\Controller\JoueurController.php'
    exception-code: 'Undefined variable $contribution'
[2023-10-22 23:12:54]	[ALERT]	404 - erreur dans le processus de traitement du routage
    routeInfo: array(
        0 => 1,
        1 => 'joueur@index',
        2 => array(
            'id' => '1',
        ),
    )
    exception-line: 39
    exception-file: 'C:\dev-apps\xampp-www\s5\s5-sae\loufok\src\Controller\JoueurController.php'
    exception-code: 'Undefined variable $contribution'
[2023-10-22 23:14:03]	[ALERT]	404 - erreur dans le processus de traitement du routage
    routeInfo: array(
        0 => 1,
        1 => 'joueur@index',
        2 => array(
            'id' => '1',
        ),
    )
    exception-line: 39
    exception-file: 'C:\dev-apps\xampp-www\s5\s5-sae\loufok\src\Controller\JoueurController.php'
    exception-code: 'Undefined variable $contribution'
[2023-10-22 23:14:14]	[ALERT]	404 - erreur dans le processus de traitement du routage
    routeInfo: array(
        0 => 1,
        1 => 'joueur@index',
        2 => array(
            'id' => '1',
        ),
    )
    exception-line: 39
    exception-file: 'C:\dev-apps\xampp-www\s5\s5-sae\loufok\src\Controller\JoueurController.php'
    exception-code: 'Undefined variable $contribution'
[2023-10-22 23:14:55]	[ALERT]	404 - erreur dans le processus de traitement du routage
    routeInfo: array(
        0 => 1,
        1 => 'joueur@index',
        2 => array(
            'id' => '1',
        ),
    )
    exception-line: 39
    exception-file: 'C:\dev-apps\xampp-www\s5\s5-sae\loufok\src\Controller\JoueurController.php'
    exception-code: 'Undefined variable $contribution'
[2023-10-22 23:15:18]	[ALERT]	404 - erreur dans le processus de traitement du routage
    routeInfo: array(
        0 => 1,
        1 => 'joueur@index',
        2 => array(
            'id' => '1',
        ),
    )
    exception-line: 39
    exception-file: 'C:\dev-apps\xampp-www\s5\s5-sae\loufok\src\Controller\JoueurController.php'
    exception-code: 'Undefined variable $contribution'
[2023-10-22 23:19:54]	[ALERT]	404 - erreur dans le processus de traitement du routage
    routeInfo: array(
        0 => 1,
        1 => 'joueur@index',
        2 => array(
            'id' => '1',
        ),
    )
    exception-line: 9
    exception-file: 'C:\dev-apps\xampp-www\s5\s5-sae\loufok\src\View\joueur\cadavre.html.twig'
    exception-code: 'Unknown "dump" function.'
[2023-10-22 23:21:07]	[ALERT]	404 - erreur dans le processus de traitement du routage
    routeInfo: array(
        0 => 1,
        1 => 'joueur@index',
        2 => array(
            'id' => '1',
        ),
    )
    exception-line: 9
    exception-file: 'C:\dev-apps\xampp-www\s5\s5-sae\loufok\src\View\joueur\cadavre.html.twig'
    exception-code: 'Unknown "dump" function.'
[2023-10-22 23:21:25]	[ALERT]	404 - erreur dans le processus de traitement du routage
    routeInfo: array(
        0 => 1,
        1 => 'joueur@index',
        2 => array(
            'id' => '1',
        ),
    )
    exception-line: 9
    exception-file: 'C:\dev-apps\xampp-www\s5\s5-sae\loufok\src\View\joueur\cadavre.html.twig'
    exception-code: 'Unknown "dump" function.'
