[2023-10-27 1:22:01]	[ALERT]	404 - commande non existante :: /administrateur/2/d
[2023-10-27 1:22:24]	[ALERT]	404 - commande non existante :: /administrateur/2/d
[2023-10-27 1:28:19]	[ALERT]	404 - commande non existante :: /joueur/1/d
[2023-10-27 13:53:58]	[ALERT]	404 - erreur dans le processus de traitement du routage
    routeInfo: array(
        0 => 1,
        1 => 'joueur@old',
        2 => array(
            'idJoueur' => '2',
        ),
    )
    exception-line: 305
    exception-file: 'C:\dev-apps\xampp-www\s5\s5-sae\loufok\src\Model\Joueur.php'
    exception-code: 'Trying to access array offset on value of type bool'
[2023-10-27 14:15:08]	[ALERT]	404 - erreur dans le processus de traitement du routage
    routeInfo: array(
        0 => 1,
        1 => 'joueur@index',
        2 => array(
            'id' => '1',
        ),
    )
    exception-line: 141
    exception-file: 'C:\dev-apps\xampp-www\s5\s5-sae\loufok\src\Model\Joueur.php'
    exception-code: 'SQLSTATE[23000]: Integrity constraint violation: 1062 Duplicate entry '1-11' for key 'PRIMARY''
[2023-10-27 14:15:32]	[ALERT]	404 - erreur dans le processus de traitement du routage
    routeInfo: array(
        0 => 1,
        1 => 'joueur@index',
        2 => array(
            'id' => '1',
        ),
    )
    exception-line: 144
    exception-file: 'C:\dev-apps\xampp-www\s5\s5-sae\loufok\src\Model\Joueur.php'
    exception-code: 'SQLSTATE[23000]: Integrity constraint violation: 1062 Duplicate entry '1-11' for key 'PRIMARY''
[2023-10-27 14:15:37]	[ALERT]	404 - erreur dans le processus de traitement du routage
    routeInfo: array(
        0 => 1,
        1 => 'joueur@index',
        2 => array(
            'id' => '1',
        ),
    )
    exception-line: 144
    exception-file: 'C:\dev-apps\xampp-www\s5\s5-sae\loufok\src\Model\Joueur.php'
    exception-code: 'SQLSTATE[23000]: Integrity constraint violation: 1062 Duplicate entry '1-11' for key 'PRIMARY''
[2023-10-27 14:25:41]	[ALERT]	404 - erreur dans le processus de traitement du routage
    routeInfo: array(
        0 => 1,
        1 => 'joueur@index',
        2 => array(
            'id' => '1',
        ),
    )
    exception-line: 112
    exception-file: 'C:\dev-apps\xampp-www\s5\s5-sae\loufok\src\Model\Joueur.php'
    exception-code: 'SQLSTATE[HY093]: Invalid parameter number: parameter was not defined'
[2023-10-27 14:25:46]	[ALERT]	404 - erreur dans le processus de traitement du routage
    routeInfo: array(
        0 => 1,
        1 => 'joueur@index',
        2 => array(
            'id' => '1',
        ),
    )
    exception-line: 112
    exception-file: 'C:\dev-apps\xampp-www\s5\s5-sae\loufok\src\Model\Joueur.php'
    exception-code: 'SQLSTATE[HY093]: Invalid parameter number: parameter was not defined'
[2023-10-27 14:26:42]	[ALERT]	404 - erreur dans le processus de traitement du routage
    routeInfo: array(
        0 => 1,
        1 => 'joueur@index',
        2 => array(
            'id' => '1',
        ),
    )
    exception-line: 131
    exception-file: 'C:\dev-apps\xampp-www\s5\s5-sae\loufok\src\Model\Joueur.php'
    exception-code: 'SQLSTATE[23000]: Integrity constraint violation: 1062 Duplicate entry '1-11' for key 'PRIMARY''
[2023-10-27 18:57:54]	[ALERT]	404 - erreur dans le processus de traitement du routage
    routeInfo: array(
        0 => 1,
        1 => 'joueur@old',
        2 => array(
            'idJoueur' => '1',
        ),
    )
    exception-line: 306
    exception-file: 'C:\dev-apps\xampp-www\s5\s5-sae\loufok\src\Model\Joueur.php'
    exception-code: 'Trying to access array offset on value of type bool'
[2023-10-27 18:58:10]	[ALERT]	404 - erreur dans le processus de traitement du routage
    routeInfo: array(
        0 => 1,
        1 => 'joueur@old',
        2 => array(
            'idJoueur' => '1',
        ),
    )
    exception-line: 306
    exception-file: 'C:\dev-apps\xampp-www\s5\s5-sae\loufok\src\Model\Joueur.php'
    exception-code: 'Trying to access array offset on value of type bool'
[2023-10-27 19:02:25]	[ALERT]	404 - erreur dans le processus de traitement du routage
    routeInfo: array(
        0 => 1,
        1 => 'joueur@old',
        2 => array(
            'idJoueur' => '1',
        ),
    )
    exception-line: 306
    exception-file: 'C:\dev-apps\xampp-www\s5\s5-sae\loufok\src\Model\Joueur.php'
    exception-code: 'Trying to access array offset on value of type bool'
[2023-10-27 19:02:34]	[ALERT]	404 - erreur dans le processus de traitement du routage
    routeInfo: array(
        0 => 1,
        1 => 'joueur@old',
        2 => array(
            'idJoueur' => '1',
        ),
    )
    exception-line: 306
    exception-file: 'C:\dev-apps\xampp-www\s5\s5-sae\loufok\src\Model\Joueur.php'
    exception-code: 'Trying to access array offset on value of type bool'
[2023-10-27 19:03:01]	[ALERT]	404 - erreur dans le processus de traitement du routage
    routeInfo: array(
        0 => 1,
        1 => 'joueur@old',
        2 => array(
            'idJoueur' => '1',
        ),
    )
    exception-line: 306
    exception-file: 'C:\dev-apps\xampp-www\s5\s5-sae\loufok\src\Model\Joueur.php'
    exception-code: 'Trying to access array offset on value of type bool'
[2023-10-27 19:03:08]	[ALERT]	404 - erreur dans le processus de traitement du routage
    routeInfo: array(
        0 => 1,
        1 => 'joueur@old',
        2 => array(
            'idJoueur' => '1',
        ),
    )
    exception-line: 306
    exception-file: 'C:\dev-apps\xampp-www\s5\s5-sae\loufok\src\Model\Joueur.php'
    exception-code: 'Trying to access array offset on value of type bool'
[2023-10-27 19:03:57]	[ALERT]	404 - erreur dans le processus de traitement du routage
    routeInfo: array(
        0 => 1,
        1 => 'joueur@old',
        2 => array(
            'idJoueur' => '1',
        ),
    )
    exception-line: 306
    exception-file: 'C:\dev-apps\xampp-www\s5\s5-sae\loufok\src\Model\Joueur.php'
    exception-code: 'Trying to access array offset on value of type bool'
[2023-10-27 19:04:24]	[ALERT]	404 - erreur dans le processus de traitement du routage
    routeInfo: array(
        0 => 1,
        1 => 'joueur@old',
        2 => array(
            'idJoueur' => '1',
        ),
    )
    exception-line: 306
    exception-file: 'C:\dev-apps\xampp-www\s5\s5-sae\loufok\src\Model\Joueur.php'
    exception-code: 'Trying to access array offset on value of type bool'
[2023-10-27 19:04:33]	[ALERT]	404 - erreur dans le processus de traitement du routage
    routeInfo: array(
        0 => 1,
        1 => 'joueur@old',
        2 => array(
            'idJoueur' => '1',
        ),
    )
    exception-line: 306
    exception-file: 'C:\dev-apps\xampp-www\s5\s5-sae\loufok\src\Model\Joueur.php'
    exception-code: 'Trying to access array offset on value of type bool'
