[2023-10-26 0:19:34]	[ALERT]	404 - erreur dans le processus de traitement du routage
    routeInfo: array(
        0 => 1,
        1 => 'joueur@index',
        2 => array(
            'id' => '1',
        ),
    )
    exception-line: 77
    exception-file: 'C:\dev-apps\xampp-www\s5\s5-sae\loufok\src\Model\Joueur.php'
    exception-code: 'SQLSTATE[23000]: Integrity constraint violation: 1062 Duplicate entry '1-4' for key 'PRIMARY''
[2023-10-26 0:25:03]	[ALERT]	404 - erreur dans le processus de traitement du routage
    routeInfo: array(
        0 => 1,
        1 => 'joueur@index',
        2 => array(
            'id' => '1',
        ),
    )
    exception-line: 77
    exception-file: 'C:\dev-apps\xampp-www\s5\s5-sae\loufok\src\Model\Joueur.php'
    exception-code: 'SQLSTATE[23000]: Integrity constraint violation: 1062 Duplicate entry '1-1' for key 'PRIMARY''
[2023-10-26 0:34:57]	[ALERT]	404 - erreur dans le processus de traitement du routage
    routeInfo: array(
        0 => 1,
        1 => 'joueur@index',
        2 => array(
            'id' => '1',
        ),
    )
    exception-line: 135
    exception-file: 'C:\dev-apps\xampp-www\s5\s5-sae\loufok\src\Model\Joueur.php'
    exception-code: 'Array to string conversion'
[2023-10-26 0:35:04]	[ALERT]	404 - erreur dans le processus de traitement du routage
    routeInfo: array(
        0 => 1,
        1 => 'joueur@index',
        2 => array(
            'id' => '1',
        ),
    )
    exception-line: 134
    exception-file: 'C:\dev-apps\xampp-www\s5\s5-sae\loufok\src\Model\Joueur.php'
    exception-code: 'Array to string conversion'
[2023-10-26 0:35:39]	[ALERT]	404 - erreur dans le processus de traitement du routage
    routeInfo: array(
        0 => 1,
        1 => 'joueur@index',
        2 => array(
            'id' => '1',
        ),
    )
    exception-line: 134
    exception-file: 'C:\dev-apps\xampp-www\s5\s5-sae\loufok\src\Model\Joueur.php'
    exception-code: 'Array to string conversion'
[2023-10-26 0:37:03]	[ALERT]	404 - erreur dans le processus de traitement du routage
    routeInfo: array(
        0 => 1,
        1 => 'joueur@index',
        2 => array(
            'id' => '1',
        ),
    )
    exception-line: 77
    exception-file: 'C:\dev-apps\xampp-www\s5\s5-sae\loufok\src\Model\Joueur.php'
    exception-code: 'SQLSTATE[23000]: Integrity constraint violation: 1062 Duplicate entry '1-1' for key 'PRIMARY''
[2023-10-26 0:37:08]	[ALERT]	404 - erreur dans le processus de traitement du routage
    routeInfo: array(
        0 => 1,
        1 => 'joueur@index',
        2 => array(
            'id' => '1',
        ),
    )
    exception-line: 77
    exception-file: 'C:\dev-apps\xampp-www\s5\s5-sae\loufok\src\Model\Joueur.php'
    exception-code: 'SQLSTATE[23000]: Integrity constraint violation: 1062 Duplicate entry '1-1' for key 'PRIMARY''
[2023-10-26 0:38:49]	[ALERT]	404 - erreur dans le processus de traitement du routage
    routeInfo: array(
        0 => 1,
        1 => 'joueur@index',
        2 => array(
            'id' => '1',
        ),
    )
    exception-line: 79
    exception-file: 'C:\dev-apps\xampp-www\s5\s5-sae\loufok\src\Model\Joueur.php'
    exception-code: 'SQLSTATE[23000]: Integrity constraint violation: 1062 Duplicate entry '1-3' for key 'PRIMARY''
[2023-10-26 0:40:10]	[ALERT]	404 - erreur dans le processus de traitement du routage
    routeInfo: array(
        0 => 1,
        1 => 'joueur@index',
        2 => array(
            'id' => '1',
        ),
    )
    exception-line: 79
    exception-file: 'C:\dev-apps\xampp-www\s5\s5-sae\loufok\src\Model\Joueur.php'
    exception-code: 'SQLSTATE[23000]: Integrity constraint violation: 1062 Duplicate entry '1-1' for key 'PRIMARY''
[2023-10-26 0:40:27]	[ALERT]	404 - erreur dans le processus de traitement du routage
    routeInfo: array(
        0 => 1,
        1 => 'joueur@index',
        2 => array(
            'id' => '1',
        ),
    )
    exception-line: 79
    exception-file: 'C:\dev-apps\xampp-www\s5\s5-sae\loufok\src\Model\Joueur.php'
    exception-code: 'SQLSTATE[23000]: Integrity constraint violation: 1062 Duplicate entry '1-4' for key 'PRIMARY''
[2023-10-26 0:40:43]	[ALERT]	404 - erreur dans le processus de traitement du routage
    routeInfo: array(
        0 => 1,
        1 => 'joueur@index',
        2 => array(
            'id' => '1',
        ),
    )
    exception-line: 79
    exception-file: 'C:\dev-apps\xampp-www\s5\s5-sae\loufok\src\Model\Joueur.php'
    exception-code: 'SQLSTATE[23000]: Integrity constraint violation: 1062 Duplicate entry '1-4' for key 'PRIMARY''
[2023-10-26 0:51:53]	[ALERT]	404 - erreur dans le processus de traitement du routage
    routeInfo: array(
        0 => 1,
        1 => 'joueur@index',
        2 => array(
            'id' => '1',
        ),
    )
    exception-line: 101
    exception-file: 'C:\dev-apps\xampp-www\s5\s5-sae\loufok\src\Model\Joueur.php'
    exception-code: 'SQLSTATE[23000]: Integrity constraint violation: 1048 Column 'id_cadavre' cannot be null'
[2023-10-26 0:53:01]	[ALERT]	404 - erreur dans le processus de traitement du routage
    routeInfo: array(
        0 => 1,
        1 => 'joueur@index',
        2 => array(
            'id' => '1',
        ),
    )
    exception-line: 103
    exception-file: 'C:\dev-apps\xampp-www\s5\s5-sae\loufok\src\Model\Joueur.php'
    exception-code: 'SQLSTATE[23000]: Integrity constraint violation: 1048 Column 'id_cadavre' cannot be null'
[2023-10-26 1:09:01]	[ALERT]	404 - erreur dans le processus de traitement du routage
    routeInfo: array(
        0 => 1,
        1 => 'joueur@index',
        2 => array(
            'id' => '1',
        ),
    )
    exception-line: 119
    exception-file: 'C:\dev-apps\xampp-www\s5\s5-sae\loufok\src\Model\Joueur.php'
    exception-code: 'SQLSTATE[42000]: Syntax error or access violation: 1066 Not unique table/alias: 'ca''
[2023-10-26 1:10:10]	[ALERT]	404 - erreur dans le processus de traitement du routage
    routeInfo: array(
        0 => 1,
        1 => 'joueur@index',
        2 => array(
            'id' => '1',
        ),
    )
    exception-line: 119
    exception-file: 'C:\dev-apps\xampp-www\s5\s5-sae\loufok\src\Model\Joueur.php'
    exception-code: 'SQLSTATE[42S22]: Column not found: 1054 Unknown column 'ca.titre' in 'field list''
[2023-10-26 1:11:00]	[ALERT]	404 - erreur dans le processus de traitement du routage
    routeInfo: array(
        0 => 1,
        1 => 'joueur@index',
        2 => array(
            'id' => '1',
        ),
    )
    exception-line: 119
    exception-file: 'C:\dev-apps\xampp-www\s5\s5-sae\loufok\src\Model\Joueur.php'
    exception-code: 'SQLSTATE[42S22]: Column not found: 1054 Unknown column 'ca.titre_cadavre' in 'field list''
[2023-10-26 1:12:35]	[ALERT]	404 - erreur dans le processus de traitement du routage
    routeInfo: array(
        0 => 1,
        1 => 'joueur@index',
        2 => array(
            'id' => '1',
        ),
    )
    exception-line: 103
    exception-file: 'C:\dev-apps\xampp-www\s5\s5-sae\loufok\src\Model\Joueur.php'
    exception-code: 'SQLSTATE[23000]: Integrity constraint violation: 1062 Duplicate entry '1-8' for key 'PRIMARY''
[2023-10-26 1:33:28]	[ALERT]	404 - erreur dans le processus de traitement du routage
    routeInfo: array(
        0 => 1,
        1 => 'joueur@index',
        2 => array(
            'id' => '1',
        ),
    )
    exception-line: 103
    exception-file: 'C:\dev-apps\xampp-www\s5\s5-sae\loufok\src\Model\Joueur.php'
    exception-code: 'SQLSTATE[23000]: Integrity constraint violation: 1062 Duplicate entry '1-8' for key 'PRIMARY''
[2023-10-26 1:44:28]	[ALERT]	404 - erreur dans le processus de traitement du routage
    routeInfo: array(
        0 => 1,
        1 => 'joueur@index',
        2 => array(
            'id' => '1',
        ),
    )
    exception-line: 103
    exception-file: 'C:\dev-apps\xampp-www\s5\s5-sae\loufok\src\Model\Joueur.php'
    exception-code: 'SQLSTATE[23000]: Integrity constraint violation: 1062 Duplicate entry '1-8' for key 'PRIMARY''
[2023-10-26 1:44:44]	[ALERT]	404 - erreur dans le processus de traitement du routage
    routeInfo: array(
        0 => 1,
        1 => 'joueur@index',
        2 => array(
            'id' => '1',
        ),
    )
    exception-line: 103
    exception-file: 'C:\dev-apps\xampp-www\s5\s5-sae\loufok\src\Model\Joueur.php'
    exception-code: 'SQLSTATE[23000]: Integrity constraint violation: 1062 Duplicate entry '1-8' for key 'PRIMARY''
[2023-10-26 1:46:25]	[ALERT]	404 - erreur dans le processus de traitement du routage
    routeInfo: array(
        0 => 1,
        1 => 'joueur@index',
        2 => array(
            'id' => '1',
        ),
    )
    exception-line: 103
    exception-file: 'C:\dev-apps\xampp-www\s5\s5-sae\loufok\src\Model\Joueur.php'
    exception-code: 'SQLSTATE[23000]: Integrity constraint violation: 1062 Duplicate entry '1-8' for key 'PRIMARY''
[2023-10-26 1:46:37]	[ALERT]	404 - erreur dans le processus de traitement du routage
    routeInfo: array(
        0 => 1,
        1 => 'joueur@index',
        2 => array(
            'id' => '1',
        ),
    )
    exception-line: 103
    exception-file: 'C:\dev-apps\xampp-www\s5\s5-sae\loufok\src\Model\Joueur.php'
    exception-code: 'SQLSTATE[23000]: Integrity constraint violation: 1062 Duplicate entry '1-8' for key 'PRIMARY''
[2023-10-26 1:46:46]	[ALERT]	404 - erreur dans le processus de traitement du routage
    routeInfo: array(
        0 => 1,
        1 => 'joueur@index',
        2 => array(
            'id' => '1',
        ),
    )
    exception-line: 103
    exception-file: 'C:\dev-apps\xampp-www\s5\s5-sae\loufok\src\Model\Joueur.php'
    exception-code: 'SQLSTATE[23000]: Integrity constraint violation: 1062 Duplicate entry '1-8' for key 'PRIMARY''
[2023-10-26 1:46:54]	[ALERT]	404 - erreur dans le processus de traitement du routage
    routeInfo: array(
        0 => 1,
        1 => 'joueur@index',
        2 => array(
            'id' => '1',
        ),
    )
    exception-line: 103
    exception-file: 'C:\dev-apps\xampp-www\s5\s5-sae\loufok\src\Model\Joueur.php'
    exception-code: 'SQLSTATE[23000]: Integrity constraint violation: 1062 Duplicate entry '1-8' for key 'PRIMARY''
[2023-10-26 1:48:15]	[ALERT]	404 - erreur dans le processus de traitement du routage
    routeInfo: array(
        0 => 1,
        1 => 'joueur@index',
        2 => array(
            'id' => '1',
        ),
    )
    exception-line: 103
    exception-file: 'C:\dev-apps\xampp-www\s5\s5-sae\loufok\src\Model\Joueur.php'
    exception-code: 'SQLSTATE[23000]: Integrity constraint violation: 1062 Duplicate entry '1-8' for key 'PRIMARY''
[2023-10-26 1:55:40]	[ALERT]	404 - erreur dans le processus de traitement du routage
    routeInfo: array(
        0 => 1,
        1 => 'joueur@index',
        2 => array(
            'id' => '1',
        ),
    )
    exception-line: 101
    exception-file: 'C:\dev-apps\xampp-www\s5\s5-sae\loufok\src\Model\Joueur.php'
    exception-code: 'SQLSTATE[23000]: Integrity constraint violation: 1062 Duplicate entry '1-8' for key 'PRIMARY''
[2023-10-26 1:57:48]	[ALERT]	404 - erreur dans le processus de traitement du routage
    routeInfo: array(
        0 => 1,
        1 => 'joueur@index',
        2 => array(
            'id' => '1',
        ),
    )
    exception-line: 101
    exception-file: 'C:\dev-apps\xampp-www\s5\s5-sae\loufok\src\Model\Joueur.php'
    exception-code: 'SQLSTATE[23000]: Integrity constraint violation: 1062 Duplicate entry '1-8' for key 'PRIMARY''
[2023-10-26 1:59:10]	[ALERT]	404 - erreur dans le processus de traitement du routage
    routeInfo: array(
        0 => 1,
        1 => 'joueur@index',
        2 => array(
            'id' => '1',
        ),
    )
    exception-line: 101
    exception-file: 'C:\dev-apps\xampp-www\s5\s5-sae\loufok\src\Model\Joueur.php'
    exception-code: 'SQLSTATE[23000]: Integrity constraint violation: 1062 Duplicate entry '1-8' for key 'PRIMARY''
[2023-10-26 2:00:17]	[ALERT]	404 - erreur dans le processus de traitement du routage
    routeInfo: array(
        0 => 1,
        1 => 'joueur@index',
        2 => array(
            'id' => '1',
        ),
    )
    exception-line: 103
    exception-file: 'C:\dev-apps\xampp-www\s5\s5-sae\loufok\src\Model\Joueur.php'
    exception-code: 'SQLSTATE[23000]: Integrity constraint violation: 1062 Duplicate entry '1-8' for key 'PRIMARY''
[2023-10-26 2:00:35]	[ALERT]	404 - erreur dans le processus de traitement du routage
    routeInfo: array(
        0 => 1,
        1 => 'joueur@index',
        2 => array(
            'id' => '1',
        ),
    )
    exception-line: 105
    exception-file: 'C:\dev-apps\xampp-www\s5\s5-sae\loufok\src\Model\Joueur.php'
    exception-code: 'SQLSTATE[23000]: Integrity constraint violation: 1062 Duplicate entry '1-8' for key 'PRIMARY''
[2023-10-26 2:01:20]	[ALERT]	404 - erreur dans le processus de traitement du routage
    routeInfo: array(
        0 => 1,
        1 => 'joueur@index',
        2 => array(
            'id' => '1',
        ),
    )
    exception-line: 107
    exception-file: 'C:\dev-apps\xampp-www\s5\s5-sae\loufok\src\Model\Joueur.php'
    exception-code: 'SQLSTATE[23000]: Integrity constraint violation: 1062 Duplicate entry '1-8' for key 'PRIMARY''
